# vsim -logfile sim.log -c -do "run -all" work.Test_bench 
# Start time: 08:49:40 on Dec 20,2023
# ** Note: (vsim-3813) Design is being optimized due to module recompilation...
# ** Warning: Test_bench.sv(43): (vopt-2241) Connection width does not match width of port 'WrData'. The port definition is at: RegFile.v(10).
# ** Warning: Test_bench.sv(43): (vopt-2241) Connection width does not match width of port 'RdData'. The port definition is at: RegFile.v(11).
# ** Warning: sequencer.sv(46): (vopt-2240) Treating stand-alone use of function 'randomize' as an implicit VOID cast.
# ** Warning: sequencer.sv(57): (vopt-2240) Treating stand-alone use of function 'randomize' as an implicit VOID cast.
# ** Note: (vsim-12126) Error and warning message counts have been restored: Errors=0, Warnings=4.
# //  Questa Sim-64
# //  Version 2021.1 win64 Jan 19 2021
# //
# //  Copyright 1991-2021 Mentor Graphics Corporation
# //  All Rights Reserved.
# //
# //  QuestaSim and its associated documentation contain trade
# //  secrets and commercial or financial information that are the property of
# //  Mentor Graphics Corporation and are privileged, confidential,
# //  and exempt from disclosure under the Freedom of Information Act,
# //  5 U.S.C. Section 552. Furthermore, this information
# //  is prohibited from disclosure under the Trade Secrets Act,
# //  18 U.S.C. Section 1905.
# //
# Loading sv_std.std
# Loading work.Test_bench_sv_unit(fast)
# Loading work.Test_bench(fast)
# Loading work.intf(fast)
# run -all
# subscriber Starting To Recieve Data From the monitor 
# Scoreboard Starting To Recieve Data From the monitor 
# Monitor Starting To Recieve Data From the DUT 
# Driver Starting To Recieve Data From the Generator 
# Driver Is Waiting For Packet ......
# *************** This is the GENERATOR **********************
#  rst_tb     = 0 WrEn_tb    =   0  
#  RdEn_tb    = 0 Address_tb =   0  
#  WrData_tb  = 0 RdData_tb  =   0  
# **********************************************************
# Monitor Is Waiting For Packet ......
# *************** This is the DRIVER **********************
#  rst_tb     = 0 WrEn_tb    =   0  
#  RdEn_tb    = 0 Address_tb =   0  
#  WrData_tb  = 0 RdData_tb  =   0  
# **********************************************************
# Drive has insert the data into the DUT at time : 5
# Driver Is Waiting For Packet ......
# Iteration Number : 0
# *************** This is the GENERATOR WRITE SEQUENCE **********************
#  rst_tb     = 1 WrEn_tb    =   1  
#  RdEn_tb    = 0 Address_tb =   9  
#  WrData_tb  = 29103 RdData_tb  =   0  
# **********************************************************
# *************** This is the Monitor **********************
#  rst_tb     = 0 WrEn_tb    =   0  
#  RdEn_tb    = 0 Address_tb =   0  
#  WrData_tb  = 0 RdData_tb  =   0  
# **********************************************************
# Monitor has Recieveed the data from the DUT at time : 11
# Monitor Is Waiting For Packet ......
# Reset Test Case Passed At time : 11
# *************** This is the SUBSCRIBER **********************
#  rst_tb     = 0 WrEn_tb    =   0  
#  RdEn_tb    = 0 Address_tb =   0  
#  WrData_tb  = 0 RdData_tb  =   0  
# **********************************************************
# subscriber has recieved the data from the monitor at time : 11
# *************** This is the DRIVER **********************
#  rst_tb     = 1 WrEn_tb    =   1  
#  RdEn_tb    = 0 Address_tb =   9  
#  WrData_tb  = 29103 RdData_tb  =   0  
# **********************************************************
# Drive has insert the data into the DUT at time : 15
# Driver Is Waiting For Packet ......
# Iteration Number : 1
# *************** This is the GENERATOR WRITE SEQUENCE **********************
#  rst_tb     = 1 WrEn_tb    =   1  
#  RdEn_tb    = 0 Address_tb =   15  
#  WrData_tb  = 36547 RdData_tb  =   0  
# **********************************************************
# *************** This is the Monitor **********************
#  rst_tb     = 1 WrEn_tb    =   1  
#  RdEn_tb    = 0 Address_tb =   9  
#  WrData_tb  = 29103 RdData_tb  =   0  
# **********************************************************
# Monitor has Recieveed the data from the DUT at time : 21
# Monitor Is Waiting For Packet ......
# Write Test Case Passed At time : 21
# *************** This is the SUBSCRIBER **********************
#  rst_tb     = 1 WrEn_tb    =   1  
#  RdEn_tb    = 0 Address_tb =   9  
#  WrData_tb  = 29103 RdData_tb  =   0  
# **********************************************************
# subscriber has recieved the data from the monitor at time : 21
# *************** This is the DRIVER **********************
#  rst_tb     = 1 WrEn_tb    =   1  
#  RdEn_tb    = 0 Address_tb =   15  
#  WrData_tb  = 36547 RdData_tb  =   0  
# **********************************************************
# Drive has insert the data into the DUT at time : 25
# Driver Is Waiting For Packet ......
# Iteration Number : 2
# *************** This is the GENERATOR WRITE SEQUENCE **********************
#  rst_tb     = 1 WrEn_tb    =   1  
#  RdEn_tb    = 0 Address_tb =   13  
#  WrData_tb  = 6381 RdData_tb  =   0  
# **********************************************************
# *************** This is the Monitor **********************
#  rst_tb     = 1 WrEn_tb    =   1  
#  RdEn_tb    = 0 Address_tb =   15  
#  WrData_tb  = 36547 RdData_tb  =   0  
# **********************************************************
# Monitor has Recieveed the data from the DUT at time : 31
# Monitor Is Waiting For Packet ......
# Write Test Case Passed At time : 31
# *************** This is the SUBSCRIBER **********************
#  rst_tb     = 1 WrEn_tb    =   1  
#  RdEn_tb    = 0 Address_tb =   15  
#  WrData_tb  = 36547 RdData_tb  =   0  
# **********************************************************
# subscriber has recieved the data from the monitor at time : 31
# *************** This is the DRIVER **********************
#  rst_tb     = 1 WrEn_tb    =   1  
#  RdEn_tb    = 0 Address_tb =   13  
#  WrData_tb  = 6381 RdData_tb  =   0  
# **********************************************************
# Drive has insert the data into the DUT at time : 35
# Driver Is Waiting For Packet ......
# Iteration Number : 3
# *************** This is the GENERATOR WRITE SEQUENCE **********************
#  rst_tb     = 1 WrEn_tb    =   1  
#  RdEn_tb    = 0 Address_tb =   3  
#  WrData_tb  = 37807 RdData_tb  =   0  
# **********************************************************
# *************** This is the Monitor **********************
#  rst_tb     = 1 WrEn_tb    =   1  
#  RdEn_tb    = 0 Address_tb =   13  
#  WrData_tb  = 6381 RdData_tb  =   0  
# **********************************************************
# Monitor has Recieveed the data from the DUT at time : 41
# Monitor Is Waiting For Packet ......
# Write Test Case Passed At time : 41
# *************** This is the SUBSCRIBER **********************
#  rst_tb     = 1 WrEn_tb    =   1  
#  RdEn_tb    = 0 Address_tb =   13  
#  WrData_tb  = 6381 RdData_tb  =   0  
# **********************************************************
# subscriber has recieved the data from the monitor at time : 41
# *************** This is the DRIVER **********************
#  rst_tb     = 1 WrEn_tb    =   1  
#  RdEn_tb    = 0 Address_tb =   3  
#  WrData_tb  = 37807 RdData_tb  =   0  
# **********************************************************
# Drive has insert the data into the DUT at time : 45
# Driver Is Waiting For Packet ......
# Iteration Number : 4
# *************** This is the GENERATOR WRITE SEQUENCE **********************
#  rst_tb     = 1 WrEn_tb    =   1  
#  RdEn_tb    = 0 Address_tb =   1  
#  WrData_tb  = 44490 RdData_tb  =   0  
# **********************************************************
# *************** This is the Monitor **********************
#  rst_tb     = 1 WrEn_tb    =   1  
#  RdEn_tb    = 0 Address_tb =   3  
#  WrData_tb  = 37807 RdData_tb  =   0  
# **********************************************************
# Monitor has Recieveed the data from the DUT at time : 51
# Monitor Is Waiting For Packet ......
# Write Test Case Passed At time : 51
# *************** This is the SUBSCRIBER **********************
#  rst_tb     = 1 WrEn_tb    =   1  
#  RdEn_tb    = 0 Address_tb =   3  
#  WrData_tb  = 37807 RdData_tb  =   0  
# **********************************************************
# subscriber has recieved the data from the monitor at time : 51
# *************** This is the DRIVER **********************
#  rst_tb     = 1 WrEn_tb    =   1  
#  RdEn_tb    = 0 Address_tb =   1  
#  WrData_tb  = 44490 RdData_tb  =   0  
# **********************************************************
# Drive has insert the data into the DUT at time : 55
# Driver Is Waiting For Packet ......
# Iteration Number : 5
# *************** This is the GENERATOR WRITE SEQUENCE **********************
#  rst_tb     = 1 WrEn_tb    =   1  
#  RdEn_tb    = 0 Address_tb =   7  
#  WrData_tb  = 24699 RdData_tb  =   0  
# **********************************************************
# *************** This is the Monitor **********************
#  rst_tb     = 1 WrEn_tb    =   1  
#  RdEn_tb    = 0 Address_tb =   1  
#  WrData_tb  = 44490 RdData_tb  =   0  
# **********************************************************
# Monitor has Recieveed the data from the DUT at time : 61
# Monitor Is Waiting For Packet ......
# Write Test Case Passed At time : 61
# *************** This is the SUBSCRIBER **********************
#  rst_tb     = 1 WrEn_tb    =   1  
#  RdEn_tb    = 0 Address_tb =   1  
#  WrData_tb  = 44490 RdData_tb  =   0  
# **********************************************************
# subscriber has recieved the data from the monitor at time : 61
# *************** This is the DRIVER **********************
#  rst_tb     = 1 WrEn_tb    =   1  
#  RdEn_tb    = 0 Address_tb =   7  
#  WrData_tb  = 24699 RdData_tb  =   0  
# **********************************************************
# Drive has insert the data into the DUT at time : 65
# Driver Is Waiting For Packet ......
# Iteration Number : 6
# *************** This is the GENERATOR WRITE SEQUENCE **********************
#  rst_tb     = 1 WrEn_tb    =   1  
#  RdEn_tb    = 0 Address_tb =   5  
#  WrData_tb  = 11299 RdData_tb  =   0  
# **********************************************************
# *************** This is the Monitor **********************
#  rst_tb     = 1 WrEn_tb    =   1  
#  RdEn_tb    = 0 Address_tb =   7  
#  WrData_tb  = 24699 RdData_tb  =   0  
# **********************************************************
# Monitor has Recieveed the data from the DUT at time : 71
# Monitor Is Waiting For Packet ......
# Write Test Case Passed At time : 71
# *************** This is the SUBSCRIBER **********************
#  rst_tb     = 1 WrEn_tb    =   1  
#  RdEn_tb    = 0 Address_tb =   7  
#  WrData_tb  = 24699 RdData_tb  =   0  
# **********************************************************
# subscriber has recieved the data from the monitor at time : 71
# *************** This is the DRIVER **********************
#  rst_tb     = 1 WrEn_tb    =   1  
#  RdEn_tb    = 0 Address_tb =   5  
#  WrData_tb  = 11299 RdData_tb  =   0  
# **********************************************************
# Drive has insert the data into the DUT at time : 75
# Driver Is Waiting For Packet ......
# Iteration Number : 7
# *************** This is the GENERATOR WRITE SEQUENCE **********************
#  rst_tb     = 1 WrEn_tb    =   1  
#  RdEn_tb    = 0 Address_tb =   10  
#  WrData_tb  = 23173 RdData_tb  =   0  
# **********************************************************
# *************** This is the Monitor **********************
#  rst_tb     = 1 WrEn_tb    =   1  
#  RdEn_tb    = 0 Address_tb =   5  
#  WrData_tb  = 11299 RdData_tb  =   0  
# **********************************************************
# Monitor has Recieveed the data from the DUT at time : 81
# Monitor Is Waiting For Packet ......
# Write Test Case Passed At time : 81
# *************** This is the SUBSCRIBER **********************
#  rst_tb     = 1 WrEn_tb    =   1  
#  RdEn_tb    = 0 Address_tb =   5  
#  WrData_tb  = 11299 RdData_tb  =   0  
# **********************************************************
# subscriber has recieved the data from the monitor at time : 81
# *************** This is the DRIVER **********************
#  rst_tb     = 1 WrEn_tb    =   1  
#  RdEn_tb    = 0 Address_tb =   10  
#  WrData_tb  = 23173 RdData_tb  =   0  
# **********************************************************
# Drive has insert the data into the DUT at time : 85
# Driver Is Waiting For Packet ......
# Iteration Number : 8
# *************** This is the GENERATOR WRITE SEQUENCE **********************
#  rst_tb     = 1 WrEn_tb    =   1  
#  RdEn_tb    = 0 Address_tb =   8  
#  WrData_tb  = 39308 RdData_tb  =   0  
# **********************************************************
# *************** This is the Monitor **********************
#  rst_tb     = 1 WrEn_tb    =   1  
#  RdEn_tb    = 0 Address_tb =   10  
#  WrData_tb  = 23173 RdData_tb  =   0  
# **********************************************************
# Monitor has Recieveed the data from the DUT at time : 91
# Monitor Is Waiting For Packet ......
# Write Test Case Passed At time : 91
# *************** This is the SUBSCRIBER **********************
#  rst_tb     = 1 WrEn_tb    =   1  
#  RdEn_tb    = 0 Address_tb =   10  
#  WrData_tb  = 23173 RdData_tb  =   0  
# **********************************************************
# subscriber has recieved the data from the monitor at time : 91
# *************** This is the DRIVER **********************
#  rst_tb     = 1 WrEn_tb    =   1  
#  RdEn_tb    = 0 Address_tb =   8  
#  WrData_tb  = 39308 RdData_tb  =   0  
# **********************************************************
# Drive has insert the data into the DUT at time : 95
# Driver Is Waiting For Packet ......
# Iteration Number : 9
# *************** This is the GENERATOR WRITE SEQUENCE **********************
#  rst_tb     = 1 WrEn_tb    =   1  
#  RdEn_tb    = 0 Address_tb =   14  
#  WrData_tb  = 45776 RdData_tb  =   0  
# **********************************************************
# *************** This is the Monitor **********************
#  rst_tb     = 1 WrEn_tb    =   1  
#  RdEn_tb    = 0 Address_tb =   8  
#  WrData_tb  = 39308 RdData_tb  =   0  
# **********************************************************
# Monitor has Recieveed the data from the DUT at time : 101
# Monitor Is Waiting For Packet ......
# Write Test Case Passed At time : 101
# *************** This is the SUBSCRIBER **********************
#  rst_tb     = 1 WrEn_tb    =   1  
#  RdEn_tb    = 0 Address_tb =   8  
#  WrData_tb  = 39308 RdData_tb  =   0  
# **********************************************************
# subscriber has recieved the data from the monitor at time : 101
# *************** This is the DRIVER **********************
#  rst_tb     = 1 WrEn_tb    =   1  
#  RdEn_tb    = 0 Address_tb =   14  
#  WrData_tb  = 45776 RdData_tb  =   0  
# **********************************************************
# Drive has insert the data into the DUT at time : 105
# Driver Is Waiting For Packet ......
# Iteration Number : 10
# *************** This is the GENERATOR WRITE SEQUENCE **********************
#  rst_tb     = 1 WrEn_tb    =   1  
#  RdEn_tb    = 0 Address_tb =   12  
#  WrData_tb  = 53495 RdData_tb  =   0  
# **********************************************************
# *************** This is the Monitor **********************
#  rst_tb     = 1 WrEn_tb    =   1  
#  RdEn_tb    = 0 Address_tb =   14  
#  WrData_tb  = 45776 RdData_tb  =   0  
# **********************************************************
# Monitor has Recieveed the data from the DUT at time : 111
# Monitor Is Waiting For Packet ......
# Write Test Case Passed At time : 111
# *************** This is the SUBSCRIBER **********************
#  rst_tb     = 1 WrEn_tb    =   1  
#  RdEn_tb    = 0 Address_tb =   14  
#  WrData_tb  = 45776 RdData_tb  =   0  
# **********************************************************
# subscriber has recieved the data from the monitor at time : 111
# *************** This is the DRIVER **********************
#  rst_tb     = 1 WrEn_tb    =   1  
#  RdEn_tb    = 0 Address_tb =   12  
#  WrData_tb  = 53495 RdData_tb  =   0  
# **********************************************************
# Drive has insert the data into the DUT at time : 115
# Driver Is Waiting For Packet ......
# Iteration Number : 11
# *************** This is the GENERATOR WRITE SEQUENCE **********************
#  rst_tb     = 1 WrEn_tb    =   1  
#  RdEn_tb    = 0 Address_tb =   2  
#  WrData_tb  = 61951 RdData_tb  =   0  
# **********************************************************
# *************** This is the Monitor **********************
#  rst_tb     = 1 WrEn_tb    =   1  
#  RdEn_tb    = 0 Address_tb =   12  
#  WrData_tb  = 53495 RdData_tb  =   0  
# **********************************************************
# Monitor has Recieveed the data from the DUT at time : 121
# Monitor Is Waiting For Packet ......
# Write Test Case Passed At time : 121
# *************** This is the SUBSCRIBER **********************
#  rst_tb     = 1 WrEn_tb    =   1  
#  RdEn_tb    = 0 Address_tb =   12  
#  WrData_tb  = 53495 RdData_tb  =   0  
# **********************************************************
# subscriber has recieved the data from the monitor at time : 121
# *************** This is the DRIVER **********************
#  rst_tb     = 1 WrEn_tb    =   1  
#  RdEn_tb    = 0 Address_tb =   2  
#  WrData_tb  = 61951 RdData_tb  =   0  
# **********************************************************
# Drive has insert the data into the DUT at time : 125
# Driver Is Waiting For Packet ......
# Iteration Number : 12
# *************** This is the GENERATOR WRITE SEQUENCE **********************
#  rst_tb     = 1 WrEn_tb    =   1  
#  RdEn_tb    = 0 Address_tb =   0  
#  WrData_tb  = 40486 RdData_tb  =   0  
# **********************************************************
# *************** This is the Monitor **********************
#  rst_tb     = 1 WrEn_tb    =   1  
#  RdEn_tb    = 0 Address_tb =   2  
#  WrData_tb  = 61951 RdData_tb  =   0  
# **********************************************************
# Monitor has Recieveed the data from the DUT at time : 131
# Monitor Is Waiting For Packet ......
# Write Test Case Passed At time : 131
# *************** This is the SUBSCRIBER **********************
#  rst_tb     = 1 WrEn_tb    =   1  
#  RdEn_tb    = 0 Address_tb =   2  
#  WrData_tb  = 61951 RdData_tb  =   0  
# **********************************************************
# subscriber has recieved the data from the monitor at time : 131
# *************** This is the DRIVER **********************
#  rst_tb     = 1 WrEn_tb    =   1  
#  RdEn_tb    = 0 Address_tb =   0  
#  WrData_tb  = 40486 RdData_tb  =   0  
# **********************************************************
# Drive has insert the data into the DUT at time : 135
# Driver Is Waiting For Packet ......
# Iteration Number : 13
# *************** This is the GENERATOR WRITE SEQUENCE **********************
#  rst_tb     = 1 WrEn_tb    =   1  
#  RdEn_tb    = 0 Address_tb =   6  
#  WrData_tb  = 6657 RdData_tb  =   0  
# **********************************************************
# *************** This is the Monitor **********************
#  rst_tb     = 1 WrEn_tb    =   1  
#  RdEn_tb    = 0 Address_tb =   0  
#  WrData_tb  = 40486 RdData_tb  =   0  
# **********************************************************
# Monitor has Recieveed the data from the DUT at time : 141
# Monitor Is Waiting For Packet ......
# Write Test Case Passed At time : 141
# *************** This is the SUBSCRIBER **********************
#  rst_tb     = 1 WrEn_tb    =   1  
#  RdEn_tb    = 0 Address_tb =   0  
#  WrData_tb  = 40486 RdData_tb  =   0  
# **********************************************************
# subscriber has recieved the data from the monitor at time : 141
# *************** This is the DRIVER **********************
#  rst_tb     = 1 WrEn_tb    =   1  
#  RdEn_tb    = 0 Address_tb =   6  
#  WrData_tb  = 6657 RdData_tb  =   0  
# **********************************************************
# Drive has insert the data into the DUT at time : 145
# Driver Is Waiting For Packet ......
# Iteration Number : 14
# *************** This is the GENERATOR WRITE SEQUENCE **********************
#  rst_tb     = 1 WrEn_tb    =   1  
#  RdEn_tb    = 0 Address_tb =   4  
#  WrData_tb  = 39348 RdData_tb  =   0  
# **********************************************************
# *************** This is the Monitor **********************
#  rst_tb     = 1 WrEn_tb    =   1  
#  RdEn_tb    = 0 Address_tb =   6  
#  WrData_tb  = 6657 RdData_tb  =   0  
# **********************************************************
# Monitor has Recieveed the data from the DUT at time : 151
# Monitor Is Waiting For Packet ......
# Write Test Case Passed At time : 151
# *************** This is the SUBSCRIBER **********************
#  rst_tb     = 1 WrEn_tb    =   1  
#  RdEn_tb    = 0 Address_tb =   6  
#  WrData_tb  = 6657 RdData_tb  =   0  
# **********************************************************
# subscriber has recieved the data from the monitor at time : 151
# *************** This is the DRIVER **********************
#  rst_tb     = 1 WrEn_tb    =   1  
#  RdEn_tb    = 0 Address_tb =   4  
#  WrData_tb  = 39348 RdData_tb  =   0  
# **********************************************************
# Drive has insert the data into the DUT at time : 155
# Driver Is Waiting For Packet ......
# Iteration Number : 15
# *************** This is the GENERATOR WRITE SEQUENCE **********************
#  rst_tb     = 1 WrEn_tb    =   1  
#  RdEn_tb    = 0 Address_tb =   11  
#  WrData_tb  = 47760 RdData_tb  =   0  
# **********************************************************
# *************** This is the Monitor **********************
#  rst_tb     = 1 WrEn_tb    =   1  
#  RdEn_tb    = 0 Address_tb =   4  
#  WrData_tb  = 39348 RdData_tb  =   0  
# **********************************************************
# Monitor has Recieveed the data from the DUT at time : 161
# Monitor Is Waiting For Packet ......
# Write Test Case Passed At time : 161
# *************** This is the SUBSCRIBER **********************
#  rst_tb     = 1 WrEn_tb    =   1  
#  RdEn_tb    = 0 Address_tb =   4  
#  WrData_tb  = 39348 RdData_tb  =   0  
# **********************************************************
# subscriber has recieved the data from the monitor at time : 161
# *************** This is the DRIVER **********************
#  rst_tb     = 1 WrEn_tb    =   1  
#  RdEn_tb    = 0 Address_tb =   11  
#  WrData_tb  = 47760 RdData_tb  =   0  
# **********************************************************
# Drive has insert the data into the DUT at time : 165
# Driver Is Waiting For Packet ......
# *************** This is the GENERATOR **********************
#  rst_tb     = 0 WrEn_tb    =   0  
#  RdEn_tb    = 0 Address_tb =   0  
#  WrData_tb  = 0 RdData_tb  =   0  
# **********************************************************
# *************** This is the Monitor **********************
#  rst_tb     = 1 WrEn_tb    =   1  
#  RdEn_tb    = 0 Address_tb =   11  
#  WrData_tb  = 47760 RdData_tb  =   0  
# **********************************************************
# Monitor has Recieveed the data from the DUT at time : 171
# Monitor Is Waiting For Packet ......
# Write Test Case Passed At time : 171
# *************** This is the SUBSCRIBER **********************
#  rst_tb     = 1 WrEn_tb    =   1  
#  RdEn_tb    = 0 Address_tb =   11  
#  WrData_tb  = 47760 RdData_tb  =   0  
# **********************************************************
# subscriber has recieved the data from the monitor at time : 171
# *************** This is the DRIVER **********************
#  rst_tb     = 0 WrEn_tb    =   0  
#  RdEn_tb    = 0 Address_tb =   0  
#  WrData_tb  = 0 RdData_tb  =   0  
# **********************************************************
# Drive has insert the data into the DUT at time : 175
# Driver Is Waiting For Packet ......
# Iteration Number : 0
# *************** This is the GENERATOR READ SEQUENCE **********************
#  rst_tb     = 1 WrEn_tb    =   0  
#  RdEn_tb    = 1 Address_tb =   8  
#  WrData_tb  = 18732 RdData_tb  =   0  
# **********************************************************
# *************** This is the Monitor **********************
#  rst_tb     = 0 WrEn_tb    =   0  
#  RdEn_tb    = 0 Address_tb =   0  
#  WrData_tb  = 0 RdData_tb  =   0  
# **********************************************************
# Monitor has Recieveed the data from the DUT at time : 181
# Monitor Is Waiting For Packet ......
# Reset Test Case Passed At time : 181
# *************** This is the SUBSCRIBER **********************
#  rst_tb     = 0 WrEn_tb    =   0  
#  RdEn_tb    = 0 Address_tb =   0  
#  WrData_tb  = 0 RdData_tb  =   0  
# **********************************************************
# subscriber has recieved the data from the monitor at time : 181
# *************** This is the DRIVER **********************
#  rst_tb     = 1 WrEn_tb    =   0  
#  RdEn_tb    = 1 Address_tb =   8  
#  WrData_tb  = 18732 RdData_tb  =   0  
# **********************************************************
# Drive has insert the data into the DUT at time : 185
# Driver Is Waiting For Packet ......
# Iteration Number : 1
# *************** This is the GENERATOR READ SEQUENCE **********************
#  rst_tb     = 1 WrEn_tb    =   0  
#  RdEn_tb    = 1 Address_tb =   3  
#  WrData_tb  = 26496 RdData_tb  =   0  
# **********************************************************
# *************** This is the Monitor **********************
#  rst_tb     = 1 WrEn_tb    =   0  
#  RdEn_tb    = 1 Address_tb =   8  
#  WrData_tb  = 18732 RdData_tb  =   0  
# **********************************************************
# Monitor has Recieveed the data from the DUT at time : 191
# Monitor Is Waiting For Packet ......
# Read Test Case Passed At time : 191
# *************** This is the SUBSCRIBER **********************
#  rst_tb     = 1 WrEn_tb    =   0  
#  RdEn_tb    = 1 Address_tb =   8  
#  WrData_tb  = 18732 RdData_tb  =   0  
# **********************************************************
# subscriber has recieved the data from the monitor at time : 191
# *************** This is the DRIVER **********************
#  rst_tb     = 1 WrEn_tb    =   0  
#  RdEn_tb    = 1 Address_tb =   3  
#  WrData_tb  = 26496 RdData_tb  =   0  
# **********************************************************
# Drive has insert the data into the DUT at time : 195
# Driver Is Waiting For Packet ......
# Iteration Number : 2
# *************** This is the GENERATOR READ SEQUENCE **********************
#  rst_tb     = 1 WrEn_tb    =   0  
#  RdEn_tb    = 1 Address_tb =   9  
#  WrData_tb  = 46158 RdData_tb  =   0  
# **********************************************************
# *************** This is the Monitor **********************
#  rst_tb     = 1 WrEn_tb    =   0  
#  RdEn_tb    = 1 Address_tb =   3  
#  WrData_tb  = 26496 RdData_tb  =   0  
# **********************************************************
# Monitor has Recieveed the data from the DUT at time : 201
# Monitor Is Waiting For Packet ......
# Read Test Case Passed At time : 201
# *************** This is the SUBSCRIBER **********************
#  rst_tb     = 1 WrEn_tb    =   0  
#  RdEn_tb    = 1 Address_tb =   3  
#  WrData_tb  = 26496 RdData_tb  =   0  
# **********************************************************
# subscriber has recieved the data from the monitor at time : 201
# *************** This is the DRIVER **********************
#  rst_tb     = 1 WrEn_tb    =   0  
#  RdEn_tb    = 1 Address_tb =   9  
#  WrData_tb  = 46158 RdData_tb  =   0  
# **********************************************************
# Drive has insert the data into the DUT at time : 205
# Driver Is Waiting For Packet ......
# Iteration Number : 3
# *************** This is the GENERATOR READ SEQUENCE **********************
#  rst_tb     = 1 WrEn_tb    =   0  
#  RdEn_tb    = 1 Address_tb =   0  
#  WrData_tb  = 61296 RdData_tb  =   0  
# **********************************************************
# *************** This is the Monitor **********************
#  rst_tb     = 1 WrEn_tb    =   0  
#  RdEn_tb    = 1 Address_tb =   9  
#  WrData_tb  = 46158 RdData_tb  =   0  
# **********************************************************
# Monitor has Recieveed the data from the DUT at time : 211
# Monitor Is Waiting For Packet ......
# Read Test Case Passed At time : 211
# *************** This is the SUBSCRIBER **********************
#  rst_tb     = 1 WrEn_tb    =   0  
#  RdEn_tb    = 1 Address_tb =   9  
#  WrData_tb  = 46158 RdData_tb  =   0  
# **********************************************************
# subscriber has recieved the data from the monitor at time : 211
# *************** This is the DRIVER **********************
#  rst_tb     = 1 WrEn_tb    =   0  
#  RdEn_tb    = 1 Address_tb =   0  
#  WrData_tb  = 61296 RdData_tb  =   0  
# **********************************************************
# Drive has insert the data into the DUT at time : 215
# Driver Is Waiting For Packet ......
# Iteration Number : 4
# *************** This is the GENERATOR READ SEQUENCE **********************
#  rst_tb     = 1 WrEn_tb    =   0  
#  RdEn_tb    = 1 Address_tb =   14  
#  WrData_tb  = 19238 RdData_tb  =   0  
# **********************************************************
# *************** This is the Monitor **********************
#  rst_tb     = 1 WrEn_tb    =   0  
#  RdEn_tb    = 1 Address_tb =   0  
#  WrData_tb  = 61296 RdData_tb  =   0  
# **********************************************************
# Monitor has Recieveed the data from the DUT at time : 221
# Monitor Is Waiting For Packet ......
# Read Test Case Passed At time : 221
# *************** This is the SUBSCRIBER **********************
#  rst_tb     = 1 WrEn_tb    =   0  
#  RdEn_tb    = 1 Address_tb =   0  
#  WrData_tb  = 61296 RdData_tb  =   0  
# **********************************************************
# subscriber has recieved the data from the monitor at time : 221
# *************** This is the DRIVER **********************
#  rst_tb     = 1 WrEn_tb    =   0  
#  RdEn_tb    = 1 Address_tb =   14  
#  WrData_tb  = 19238 RdData_tb  =   0  
# **********************************************************
# Drive has insert the data into the DUT at time : 225
# Driver Is Waiting For Packet ......
# Iteration Number : 5
# *************** This is the GENERATOR READ SEQUENCE **********************
#  rst_tb     = 1 WrEn_tb    =   0  
#  RdEn_tb    = 1 Address_tb =   1  
#  WrData_tb  = 44378 RdData_tb  =   0  
# **********************************************************
# *************** This is the Monitor **********************
#  rst_tb     = 1 WrEn_tb    =   0  
#  RdEn_tb    = 1 Address_tb =   14  
#  WrData_tb  = 19238 RdData_tb  =   0  
# **********************************************************
# Monitor has Recieveed the data from the DUT at time : 231
# Monitor Is Waiting For Packet ......
# Read Test Case Passed At time : 231
# *************** This is the SUBSCRIBER **********************
#  rst_tb     = 1 WrEn_tb    =   0  
#  RdEn_tb    = 1 Address_tb =   14  
#  WrData_tb  = 19238 RdData_tb  =   0  
# **********************************************************
# subscriber has recieved the data from the monitor at time : 231
# *************** This is the DRIVER **********************
#  rst_tb     = 1 WrEn_tb    =   0  
#  RdEn_tb    = 1 Address_tb =   1  
#  WrData_tb  = 44378 RdData_tb  =   0  
# **********************************************************
# Drive has insert the data into the DUT at time : 235
# Driver Is Waiting For Packet ......
# Iteration Number : 6
# *************** This is the GENERATOR READ SEQUENCE **********************
#  rst_tb     = 1 WrEn_tb    =   0  
#  RdEn_tb    = 1 Address_tb =   15  
#  WrData_tb  = 40929 RdData_tb  =   0  
# **********************************************************
# *************** This is the Monitor **********************
#  rst_tb     = 1 WrEn_tb    =   0  
#  RdEn_tb    = 1 Address_tb =   1  
#  WrData_tb  = 44378 RdData_tb  =   0  
# **********************************************************
# Monitor has Recieveed the data from the DUT at time : 241
# Monitor Is Waiting For Packet ......
# Read Test Case Passed At time : 241
# *************** This is the SUBSCRIBER **********************
#  rst_tb     = 1 WrEn_tb    =   0  
#  RdEn_tb    = 1 Address_tb =   1  
#  WrData_tb  = 44378 RdData_tb  =   0  
# **********************************************************
# subscriber has recieved the data from the monitor at time : 241
# *************** This is the DRIVER **********************
#  rst_tb     = 1 WrEn_tb    =   0  
#  RdEn_tb    = 1 Address_tb =   15  
#  WrData_tb  = 40929 RdData_tb  =   0  
# **********************************************************
# Drive has insert the data into the DUT at time : 245
# Driver Is Waiting For Packet ......
# Iteration Number : 7
# *************** This is the GENERATOR READ SEQUENCE **********************
#  rst_tb     = 1 WrEn_tb    =   0  
#  RdEn_tb    = 1 Address_tb =   6  
#  WrData_tb  = 9018 RdData_tb  =   0  
# **********************************************************
# *************** This is the Monitor **********************
#  rst_tb     = 1 WrEn_tb    =   0  
#  RdEn_tb    = 1 Address_tb =   15  
#  WrData_tb  = 40929 RdData_tb  =   0  
# **********************************************************
# Monitor has Recieveed the data from the DUT at time : 251
# Monitor Is Waiting For Packet ......
# Read Test Case Passed At time : 251
# *************** This is the SUBSCRIBER **********************
#  rst_tb     = 1 WrEn_tb    =   0  
#  RdEn_tb    = 1 Address_tb =   15  
#  WrData_tb  = 40929 RdData_tb  =   0  
# **********************************************************
# subscriber has recieved the data from the monitor at time : 251
# *************** This is the DRIVER **********************
#  rst_tb     = 1 WrEn_tb    =   0  
#  RdEn_tb    = 1 Address_tb =   6  
#  WrData_tb  = 9018 RdData_tb  =   0  
# **********************************************************
# Drive has insert the data into the DUT at time : 255
# Driver Is Waiting For Packet ......
# Iteration Number : 8
# *************** This is the GENERATOR READ SEQUENCE **********************
#  rst_tb     = 1 WrEn_tb    =   0  
#  RdEn_tb    = 1 Address_tb =   12  
#  WrData_tb  = 31343 RdData_tb  =   0  
# **********************************************************
# *************** This is the Monitor **********************
#  rst_tb     = 1 WrEn_tb    =   0  
#  RdEn_tb    = 1 Address_tb =   6  
#  WrData_tb  = 9018 RdData_tb  =   0  
# **********************************************************
# Monitor has Recieveed the data from the DUT at time : 261
# Monitor Is Waiting For Packet ......
# Read Test Case Passed At time : 261
# *************** This is the SUBSCRIBER **********************
#  rst_tb     = 1 WrEn_tb    =   0  
#  RdEn_tb    = 1 Address_tb =   6  
#  WrData_tb  = 9018 RdData_tb  =   0  
# **********************************************************
# subscriber has recieved the data from the monitor at time : 261
# *************** This is the DRIVER **********************
#  rst_tb     = 1 WrEn_tb    =   0  
#  RdEn_tb    = 1 Address_tb =   12  
#  WrData_tb  = 31343 RdData_tb  =   0  
# **********************************************************
# Drive has insert the data into the DUT at time : 265
# Driver Is Waiting For Packet ......
# Iteration Number : 9
# *************** This is the GENERATOR READ SEQUENCE **********************
#  rst_tb     = 1 WrEn_tb    =   0  
#  RdEn_tb    = 1 Address_tb =   7  
#  WrData_tb  = 6083 RdData_tb  =   0  
# **********************************************************
# *************** This is the Monitor **********************
#  rst_tb     = 1 WrEn_tb    =   0  
#  RdEn_tb    = 1 Address_tb =   12  
#  WrData_tb  = 31343 RdData_tb  =   0  
# **********************************************************
# Monitor has Recieveed the data from the DUT at time : 271
# Monitor Is Waiting For Packet ......
# Read Test Case Passed At time : 271
# *************** This is the SUBSCRIBER **********************
#  rst_tb     = 1 WrEn_tb    =   0  
#  RdEn_tb    = 1 Address_tb =   12  
#  WrData_tb  = 31343 RdData_tb  =   0  
# **********************************************************
# subscriber has recieved the data from the monitor at time : 271
# *************** This is the DRIVER **********************
#  rst_tb     = 1 WrEn_tb    =   0  
#  RdEn_tb    = 1 Address_tb =   7  
#  WrData_tb  = 6083 RdData_tb  =   0  
# **********************************************************
# Drive has insert the data into the DUT at time : 275
# Driver Is Waiting For Packet ......
# Iteration Number : 10
# *************** This is the GENERATOR READ SEQUENCE **********************
#  rst_tb     = 1 WrEn_tb    =   0  
#  RdEn_tb    = 1 Address_tb =   10  
#  WrData_tb  = 9297 RdData_tb  =   0  
# **********************************************************
# *************** This is the Monitor **********************
#  rst_tb     = 1 WrEn_tb    =   0  
#  RdEn_tb    = 1 Address_tb =   7  
#  WrData_tb  = 6083 RdData_tb  =   0  
# **********************************************************
# Monitor has Recieveed the data from the DUT at time : 281
# Monitor Is Waiting For Packet ......
# Read Test Case Passed At time : 281
# *************** This is the SUBSCRIBER **********************
#  rst_tb     = 1 WrEn_tb    =   0  
#  RdEn_tb    = 1 Address_tb =   7  
#  WrData_tb  = 6083 RdData_tb  =   0  
# **********************************************************
# subscriber has recieved the data from the monitor at time : 281
# *************** This is the DRIVER **********************
#  rst_tb     = 1 WrEn_tb    =   0  
#  RdEn_tb    = 1 Address_tb =   10  
#  WrData_tb  = 9297 RdData_tb  =   0  
# **********************************************************
# Drive has insert the data into the DUT at time : 285
# Driver Is Waiting For Packet ......
# Iteration Number : 11
# *************** This is the GENERATOR READ SEQUENCE **********************
#  rst_tb     = 1 WrEn_tb    =   0  
#  RdEn_tb    = 1 Address_tb =   13  
#  WrData_tb  = 63792 RdData_tb  =   0  
# **********************************************************
# *************** This is the Monitor **********************
#  rst_tb     = 1 WrEn_tb    =   0  
#  RdEn_tb    = 1 Address_tb =   10  
#  WrData_tb  = 9297 RdData_tb  =   0  
# **********************************************************
# Monitor has Recieveed the data from the DUT at time : 291
# Monitor Is Waiting For Packet ......
# Read Test Case Passed At time : 291
# *************** This is the SUBSCRIBER **********************
#  rst_tb     = 1 WrEn_tb    =   0  
#  RdEn_tb    = 1 Address_tb =   10  
#  WrData_tb  = 9297 RdData_tb  =   0  
# **********************************************************
# subscriber has recieved the data from the monitor at time : 291
# *************** This is the DRIVER **********************
#  rst_tb     = 1 WrEn_tb    =   0  
#  RdEn_tb    = 1 Address_tb =   13  
#  WrData_tb  = 63792 RdData_tb  =   0  
# **********************************************************
# Drive has insert the data into the DUT at time : 295
# Driver Is Waiting For Packet ......
# Iteration Number : 12
# *************** This is the GENERATOR READ SEQUENCE **********************
#  rst_tb     = 1 WrEn_tb    =   0  
#  RdEn_tb    = 1 Address_tb =   4  
#  WrData_tb  = 33721 RdData_tb  =   0  
# **********************************************************
# *************** This is the Monitor **********************
#  rst_tb     = 1 WrEn_tb    =   0  
#  RdEn_tb    = 1 Address_tb =   13  
#  WrData_tb  = 63792 RdData_tb  =   0  
# **********************************************************
# Monitor has Recieveed the data from the DUT at time : 301
# Monitor Is Waiting For Packet ......
# Read Test Case Passed At time : 301
# *************** This is the SUBSCRIBER **********************
#  rst_tb     = 1 WrEn_tb    =   0  
#  RdEn_tb    = 1 Address_tb =   13  
#  WrData_tb  = 63792 RdData_tb  =   0  
# **********************************************************
# subscriber has recieved the data from the monitor at time : 301
# *************** This is the DRIVER **********************
#  rst_tb     = 1 WrEn_tb    =   0  
#  RdEn_tb    = 1 Address_tb =   4  
#  WrData_tb  = 33721 RdData_tb  =   0  
# **********************************************************
# Drive has insert the data into the DUT at time : 305
# Driver Is Waiting For Packet ......
# Iteration Number : 13
# *************** This is the GENERATOR READ SEQUENCE **********************
#  rst_tb     = 1 WrEn_tb    =   0  
#  RdEn_tb    = 1 Address_tb =   11  
#  WrData_tb  = 37770 RdData_tb  =   0  
# **********************************************************
# *************** This is the Monitor **********************
#  rst_tb     = 1 WrEn_tb    =   0  
#  RdEn_tb    = 1 Address_tb =   4  
#  WrData_tb  = 33721 RdData_tb  =   0  
# **********************************************************
# Monitor has Recieveed the data from the DUT at time : 311
# Monitor Is Waiting For Packet ......
# Read Test Case Passed At time : 311
# *************** This is the SUBSCRIBER **********************
#  rst_tb     = 1 WrEn_tb    =   0  
#  RdEn_tb    = 1 Address_tb =   4  
#  WrData_tb  = 33721 RdData_tb  =   0  
# **********************************************************
# subscriber has recieved the data from the monitor at time : 311
# *************** This is the DRIVER **********************
#  rst_tb     = 1 WrEn_tb    =   0  
#  RdEn_tb    = 1 Address_tb =   11  
#  WrData_tb  = 37770 RdData_tb  =   0  
# **********************************************************
# Drive has insert the data into the DUT at time : 315
# Driver Is Waiting For Packet ......
# Iteration Number : 14
# *************** This is the GENERATOR READ SEQUENCE **********************
#  rst_tb     = 1 WrEn_tb    =   0  
#  RdEn_tb    = 1 Address_tb =   2  
#  WrData_tb  = 32683 RdData_tb  =   0  
# **********************************************************
# *************** This is the Monitor **********************
#  rst_tb     = 1 WrEn_tb    =   0  
#  RdEn_tb    = 1 Address_tb =   11  
#  WrData_tb  = 37770 RdData_tb  =   0  
# **********************************************************
# Monitor has Recieveed the data from the DUT at time : 321
# Monitor Is Waiting For Packet ......
# Read Test Case Passed At time : 321
# *************** This is the SUBSCRIBER **********************
#  rst_tb     = 1 WrEn_tb    =   0  
#  RdEn_tb    = 1 Address_tb =   11  
#  WrData_tb  = 37770 RdData_tb  =   0  
# **********************************************************
# subscriber has recieved the data from the monitor at time : 321
# *************** This is the DRIVER **********************
#  rst_tb     = 1 WrEn_tb    =   0  
#  RdEn_tb    = 1 Address_tb =   2  
#  WrData_tb  = 32683 RdData_tb  =   0  
# **********************************************************
# Drive has insert the data into the DUT at time : 325
# Driver Is Waiting For Packet ......
# Iteration Number : 15
# *************** This is the GENERATOR READ SEQUENCE **********************
#  rst_tb     = 1 WrEn_tb    =   0  
#  RdEn_tb    = 1 Address_tb =   5  
#  WrData_tb  = 51499 RdData_tb  =   0  
# **********************************************************
# *************** This is the Monitor **********************
#  rst_tb     = 1 WrEn_tb    =   0  
#  RdEn_tb    = 1 Address_tb =   2  
#  WrData_tb  = 32683 RdData_tb  =   0  
# **********************************************************
# Monitor has Recieveed the data from the DUT at time : 331
# Monitor Is Waiting For Packet ......
# Read Test Case Passed At time : 331
# *************** This is the SUBSCRIBER **********************
#  rst_tb     = 1 WrEn_tb    =   0  
#  RdEn_tb    = 1 Address_tb =   2  
#  WrData_tb  = 32683 RdData_tb  =   0  
# **********************************************************
# subscriber has recieved the data from the monitor at time : 331
# *************** This is the DRIVER **********************
#  rst_tb     = 1 WrEn_tb    =   0  
#  RdEn_tb    = 1 Address_tb =   5  
#  WrData_tb  = 51499 RdData_tb  =   0  
# **********************************************************
# Drive has insert the data into the DUT at time : 335
# Driver Is Waiting For Packet ......
# *************** This is the Monitor **********************
#  rst_tb     = 1 WrEn_tb    =   0  
#  RdEn_tb    = 1 Address_tb =   5  
#  WrData_tb  = 51499 RdData_tb  =   0  
# **********************************************************
# Monitor has Recieveed the data from the DUT at time : 341
# Monitor Is Waiting For Packet ......
# Read Test Case Passed At time : 341
# *************** This is the SUBSCRIBER **********************
#  rst_tb     = 1 WrEn_tb    =   0  
#  RdEn_tb    = 1 Address_tb =   5  
#  WrData_tb  = 51499 RdData_tb  =   0  
# **********************************************************
# subscriber has recieved the data from the monitor at time : 341
# The Coverage is :0.00152588 
# The covered  is :1 
# The total    is :65536 
# The Number of Passed test cases is :34 
# The Number of Failed test cases is :0 
# ** Note: $finish    : environment.sv(39)
#    Time: 345 ns  Iteration: 1  Instance: /Test_bench
# End time: 08:49:44 on Dec 20,2023, Elapsed time: 0:00:04
# Errors: 0, Warnings: 4
